= Host-specific information ====================================================
$> hostname; uname -msr
e2r5p20.42.fr
Darwin 15.2.0 x86_64
$> date
Thu Jan 14 18:03:46 CET 2016
$> gcc --version
Configured with: --prefix=/Applications/Xcode.app/Contents/Developer/usr --with-gxx-include-dir=/usr/include/c++/4.2.1
Apple LLVM version 7.0.2 (clang-700.1.81)
Target: x86_64-apple-darwin15.2.0
Thread model: posix
$> clang --version
Apple LLVM version 7.0.2 (clang-700.1.81)
Target: x86_64-apple-darwin15.2.0
Thread model: posix

= User files collection ========================================================
Collecting user files from Vogsphere
Repository URL: auto-exam/2016/piscine-c-a-distance-c-exam-training/exam_20160114/dsouleym

= Git history ==================================================================
$> git -C /var/folders/21/twggbf9n49b6bs33gxyfz7wc0000gq/T/tmpEQ55xn/user log --pretty='%H - %an, %ad : %s'
3d58196a3e19d6b690979767b2777dfd05d0fc6d - Diallo SOULEYMANE, Thu Jan 14 18:03:33 2016 +0100 : affz
 
= Collected files ==========================================
$> ls -lAR /var/folders/21/twggbf9n49b6bs33gxyfz7wc0000gq/T/tmpEQ55xn/user
total 8
-rw-r--r--  1 deepthought  deepthought  213 Jan 14 18:03 __GIT_HISTORY
drwxr-xr-x  3 deepthought  deepthought  102 Jan 14 18:03 aff_z

/var/folders/21/twggbf9n49b6bs33gxyfz7wc0000gq/T/tmpEQ55xn/user/aff_z:
total 8
-rw-r--r--  1 deepthought  deepthought  109 Jan 14 18:03 aff_z.c
 
= aff_z ========================================================================
$> clang -Wextra -Wall -Werror aff_z.c -o user_exe 

= Test 1 ===================================================
$> ./ki7wp5fzwhwzcslkwbyi2ai3 
$> diff -U 3 user_output_test1 test1.output | cat -e

Diff OK :D
= Test 2 ===================================================
$> ./dgkl0gt5zyqdi2es4g3315z0 "QoOzWnvjUNwc" "TX7L" "4i1V" "9MhxZ5EIqKgjwivO" "UdPlvCIKq950sJDx" "emVg96oJBXp" "45qV6wj9" "moLd1i0WI3gUH6Sq" "RQ75GtMWFbnaC9v" "bpyk3" "jV2u7rnC" "xBFzo" "XYr7fsh" "pMTXG93K" "RFBHD9l8ANoMfybh"
$> diff -U 3 user_output_test2 test2.output | cat -e

Diff OK :D
= Test 3 ===================================================
$> ./9zvh77a95nhg1wj17kskmq9r "SrFjwz"
$> diff -U 3 user_output_test3 test3.output | cat -e

Diff OK :D
= Test 4 ===================================================
$> ./ful68b10i848wkcfgptkociw "slFBnWVMkzNoJGt"
$> diff -U 3 user_output_test4 test4.output | cat -e

Diff OK :D
= Test 5 ===================================================
$> ./kovcs4zs7xab3rek44m5t9zw "CKs"
$> diff -U 3 user_output_test5 test5.output | cat -e

Diff OK :D
= Test 6 ===================================================
$> ./v1xorxv9saaw794seawhyact "GakI5mYXClqi6N7td"
$> diff -U 3 user_output_test6 test6.output | cat -e

Diff OK :D
Grade: 1

= Final grade: 1 ===============================================================
