= Host-specific information ====================================================
$> hostname; uname -msr
e2r4p11.42.fr
Darwin 15.2.0 x86_64
$> date
Thu Jan 14 18:10:09 CET 2016
$> gcc --version
Configured with: --prefix=/Applications/Xcode.app/Contents/Developer/usr --with-gxx-include-dir=/usr/include/c++/4.2.1
Apple LLVM version 7.0.2 (clang-700.1.81)
Target: x86_64-apple-darwin15.2.0
Thread model: posix
$> clang --version
Apple LLVM version 7.0.2 (clang-700.1.81)
Target: x86_64-apple-darwin15.2.0
Thread model: posix

= User files collection ========================================================
Collecting user files from Vogsphere
Repository URL: auto-exam/2016/piscine-c-a-distance-c-exam-training/exam_20160114/dsouleym

= Git history ==================================================================
$> git -C /var/folders/9q/skql0rxj61qg4xnt4xnx3whc0000gq/T/tmpap3waf/user log --pretty='%H - %an, %ad : %s'
2da3bfc469e736cc8173ac3d82919b7965d4f341 - Diallo SOULEYMANE, Thu Jan 14 18:10:02 2016 +0100 : swapbits first time
969ccdbb6f86fac7aa1ce0e9e0a3b27287f9fa37 - Diallo SOULEYMANE, Thu Jan 14 18:06:50 2016 +0100 : ftputstr
3d58196a3e19d6b690979767b2777dfd05d0fc6d - Diallo SOULEYMANE, Thu Jan 14 18:03:33 2016 +0100 : affz
 
= Collected files ==========================================
$> ls -lAR /var/folders/9q/skql0rxj61qg4xnt4xnx3whc0000gq/T/tmpap3waf/user
total 8
-rw-r--r--  1 deepthought  deepthought  681 Jan 14 18:10 __GIT_HISTORY
drwxr-xr-x  3 deepthought  deepthought  102 Jan 14 18:10 aff_z
drwxr-xr-x  3 deepthought  deepthought  102 Jan 14 18:10 ft_putstr
drwxr-xr-x  3 deepthought  deepthought  102 Jan 14 18:10 swap_bits

/var/folders/9q/skql0rxj61qg4xnt4xnx3whc0000gq/T/tmpap3waf/user/aff_z:
total 8
-rw-r--r--  1 deepthought  deepthought  109 Jan 14 18:10 aff_z.c

/var/folders/9q/skql0rxj61qg4xnt4xnx3whc0000gq/T/tmpap3waf/user/ft_putstr:
total 8
-rw-r--r--  1 deepthought  deepthought  128 Jan 14 18:10 ft_putstr.c

/var/folders/9q/skql0rxj61qg4xnt4xnx3whc0000gq/T/tmpap3waf/user/swap_bits:
total 8
-rw-r--r--  1 deepthought  deepthought  87 Jan 14 18:10 swap_bits.c
 
= swap_bits ====================================================================
$> clang -Wextra -Wall -Werror main.c swap_bits.c -o user_exe 

= Test 1 ===================================================
$> ./zc7y7hzyrixkcgvg1qm2gzbu
$> diff -U 3 user_output_test1 test1.output | cat -e
--- user_output_test1	2016-01-14 18:10:10.000000000 +0100$
+++ test1.output	2016-01-14 18:10:10.000000000 +0100$
@@ -1,255 +1,255 @@$
 0$
-0$
-0$
-0$
-0$
-0$
-0$
-0$
-0$
-0$
-0$
-0$
-0$
-0$
-0$
-0$
-1$
-1$
-1$
-1$
-1$
-1$
-1$
-1$
-1$
-1$
-1$
-1$
-1$
-1$
-1$
-1$
-2$
-2$
-2$
-2$
-2$
-2$
-2$
-2$
-2$
-2$
-2$
-2$
-2$
-2$
-2$
-2$
-3$
-3$
-3$
-3$
-3$
-3$
-3$
-3$
-3$
-3$
-3$
-3$
-3$
-3$
-3$
-3$
-4$
-4$
-4$
-4$
-4$
-4$
-4$
-4$
-4$
-4$
-4$
-4$
-4$
-4$
-4$
-4$
-5$
-5$
-5$
-5$
-5$
-5$
-5$
-5$
-5$
-5$
-5$
-5$
-5$
-5$
-5$
-5$
-6$
-6$
-6$
-6$
-6$
-6$
-6$
-6$
-6$
-6$
-6$
-6$
-6$
-6$
-6$
-6$
-7$
-7$
-7$
-7$
-7$
-7$
-7$
-7$
-7$
-7$
-7$
-7$
-7$
-7$
-7$
-7$
-8$
-8$
-8$
-8$
-8$
-8$
-8$
-8$
-8$
-8$
-8$
-8$
-8$
-8$
-8$
-8$
-9$
-9$
-9$
-9$
-9$
-9$
-9$
-9$
-9$
-9$
-9$
-9$
-9$
-9$
-9$
-9$
-10$
-10$
-10$
-10$
-10$
-10$
-10$
-10$
-10$
-10$
-10$
-10$
-10$
-10$
-10$
-10$
-11$
-11$
-11$
-11$
-11$
-11$
-11$
-11$
-11$
-11$
-11$
-11$
-11$
-11$
-11$
-11$
-12$
-12$
-12$
-12$
-12$
-12$
-12$
-12$
-12$
-12$
-12$
-12$
-12$
-12$
-12$
-12$
-13$
-13$
-13$
-13$
-13$
-13$
-13$
-13$
-13$
-13$
-13$
-13$
-13$
-13$
-13$
-13$
-14$
-14$
-14$
-14$
-14$
-14$
-14$
-14$
-14$
-14$
-14$
-14$
-14$
-14$
-14$
-14$
-15$
-15$
-15$
-15$
-15$
-15$
-15$
-15$
-15$
-15$
-15$
-15$
-15$
-15$
-15$
+16$
+32$
+48$
+64$
+80$
+96$
+112$
+128$
+144$
+160$
+176$
+192$
+208$
+224$
+240$
+1$
+17$
+33$
+49$
+65$
+81$
+97$
+113$
+129$
+145$
+161$
+177$
+193$
+209$
+225$
+241$
+2$
+18$
+34$
+50$
+66$
+82$
+98$
+114$
+130$
+146$
+162$
+178$
+194$
+210$
+226$
+242$
+3$
+19$
+35$
+51$
+67$
+83$
+99$
+115$
+131$
+147$
+163$
+179$
+195$
+211$
+227$
+243$
+4$
+20$
+36$
+52$
+68$
+84$
+100$
+116$
+132$
+148$
+164$
+180$
+196$
+212$
+228$
+244$
+5$
+21$
+37$
+53$
+69$
+85$
+101$
+117$
+133$
+149$
+165$
+181$
+197$
+213$
+229$
+245$
+6$
+22$
+38$
+54$
+70$
+86$
+102$
+118$
+134$
+150$
+166$
+182$
+198$
+214$
+230$
+246$
+7$
+23$
+39$
+55$
+71$
+87$
+103$
+119$
+135$
+151$
+167$
+183$
+199$
+215$
+231$
+247$
+8$
+24$
+40$
+56$
+72$
+88$
+104$
+120$
+136$
+152$
+168$
+184$
+200$
+216$
+232$
+248$
+9$
+25$
+41$
+57$
+73$
+89$
+105$
+121$
+137$
+153$
+169$
+185$
+201$
+217$
+233$
+249$
+10$
+26$
+42$
+58$
+74$
+90$
+106$
+122$
+138$
+154$
+170$
+186$
+202$
+218$
+234$
+250$
+11$
+27$
+43$
+59$
+75$
+91$
+107$
+123$
+139$
+155$
+171$
+187$
+203$
+219$
+235$
+251$
+12$
+28$
+44$
+60$
+76$
+92$
+108$
+124$
+140$
+156$
+172$
+188$
+204$
+220$
+236$
+252$
+13$
+29$
+45$
+61$
+77$
+93$
+109$
+125$
+141$
+157$
+173$
+189$
+205$
+221$
+237$
+253$
+14$
+30$
+46$
+62$
+78$
+94$
+110$
+126$
+142$
+158$
+174$
+190$
+206$
+222$
+238$
+254$
+15$
+31$
+47$
+63$
+79$
+95$
+111$
+127$
+143$
+159$
+175$
+191$
+207$
+223$
+239$

Diff KO :(
Grade: 0

= Final grade: 0 ===============================================================
