= Host-specific information ====================================================
$> hostname; uname -msr
e2r7p18.42.fr
Darwin 15.2.0 x86_64
$> date
Thu Jan 14 18:26:02 CET 2016
$> gcc --version
Configured with: --prefix=/Applications/Xcode.app/Contents/Developer/usr --with-gxx-include-dir=/usr/include/c++/4.2.1
Apple LLVM version 7.0.2 (clang-700.1.81)
Target: x86_64-apple-darwin15.2.0
Thread model: posix
$> clang --version
Apple LLVM version 7.0.2 (clang-700.1.81)
Target: x86_64-apple-darwin15.2.0
Thread model: posix

= User files collection ========================================================
Collecting user files from Vogsphere
Repository URL: auto-exam/2016/piscine-c-a-distance-c-exam-training/exam_20160114/dsouleym

= Git history ==================================================================
$> git -C /var/folders/r5/z6s2ng9d5s74tcw184fw4ggw0000gq/T/tmpDF4tNu/user log --pretty='%H - %an, %ad : %s'
854425df55992ea9411764c342960268c1262fa6 - Diallo SOULEYMANE, Thu Jan 14 18:25:53 2016 +0100 : hidenp wdmatch en vite quoi
306a3037af0e58223c5c9325577257a1b295e618 - Diallo SOULEYMANE, Thu Jan 14 18:21:53 2016 +0100 : wdmatch
2da3bfc469e736cc8173ac3d82919b7965d4f341 - Diallo SOULEYMANE, Thu Jan 14 18:10:02 2016 +0100 : swapbits first time
969ccdbb6f86fac7aa1ce0e9e0a3b27287f9fa37 - Diallo SOULEYMANE, Thu Jan 14 18:06:50 2016 +0100 : ftputstr
3d58196a3e19d6b690979767b2777dfd05d0fc6d - Diallo SOULEYMANE, Thu Jan 14 18:03:33 2016 +0100 : affz
 
= Collected files ==========================================
$> ls -lAR /var/folders/r5/z6s2ng9d5s74tcw184fw4ggw0000gq/T/tmpDF4tNu/user
total 8
-rw-r--r--  1 deepthought  deepthought  1221 Jan 14 18:26 __GIT_HISTORY
drwxr-xr-x  3 deepthought  deepthought   102 Jan 14 18:26 aff_z
drwxr-xr-x  3 deepthought  deepthought   102 Jan 14 18:26 ft_putstr
drwxr-xr-x  3 deepthought  deepthought   102 Jan 14 18:26 hidenp
drwxr-xr-x  3 deepthought  deepthought   102 Jan 14 18:26 swap_bits
drwxr-xr-x  3 deepthought  deepthought   102 Jan 14 18:26 wdmatch

/var/folders/r5/z6s2ng9d5s74tcw184fw4ggw0000gq/T/tmpDF4tNu/user/aff_z:
total 8
-rw-r--r--  1 deepthought  deepthought  109 Jan 14 18:26 aff_z.c

/var/folders/r5/z6s2ng9d5s74tcw184fw4ggw0000gq/T/tmpDF4tNu/user/ft_putstr:
total 8
-rw-r--r--  1 deepthought  deepthought  128 Jan 14 18:26 ft_putstr.c

/var/folders/r5/z6s2ng9d5s74tcw184fw4ggw0000gq/T/tmpDF4tNu/user/hidenp:
total 8
-rw-r--r--  1 deepthought  deepthought  496 Jan 14 18:26 hidenp.c

/var/folders/r5/z6s2ng9d5s74tcw184fw4ggw0000gq/T/tmpDF4tNu/user/swap_bits:
total 8
-rw-r--r--  1 deepthought  deepthought  87 Jan 14 18:26 swap_bits.c

/var/folders/r5/z6s2ng9d5s74tcw184fw4ggw0000gq/T/tmpDF4tNu/user/wdmatch:
total 8
-rw-r--r--  1 deepthought  deepthought  468 Jan 14 18:26 wdmatch.c
 
= hidenp =======================================================================
$> clang -Wextra -Wall -Werror hidenp.c -o user_exe 

= Test 1 ===================================================
$> ./2mxvti5n8vmmvqz2542t1amb "abc" "a"
$> diff -U 3 user_output_test1 test1.output | cat -e

Diff OK :D
= Test 2 ===================================================
$> ./hs7u3dpu8r7pl29picf6xmdf "" "abc"
$> diff -U 3 user_output_test2 test2.output | cat -e

Diff OK :D
= Test 3 ===================================================
$> ./8nnv8ozos6buknvmitrdcznk "abc" ""
$> diff -U 3 user_output_test3 test3.output | cat -e

Diff OK :D
= Test 4 ===================================================
$> ./qh71p27v2nlghess9f88n38q "abc" "abc"
$> diff -U 3 user_output_test4 test4.output | cat -e

Diff OK :D
= Test 5 ===================================================
$> ./af4i7a15zehaa5aiv6vleg0y "abc" "adbc"
$> diff -U 3 user_output_test5 test5.output | cat -e

Diff OK :D
= Test 6 ===================================================
$> ./jcrl2muko0c19gh25tdyrhqj "abc" "adcb"
$> diff -U 3 user_output_test6 test6.output | cat -e

Diff OK :D
= Test 7 ===================================================
$> ./d5olso9uveaucpg51ipmusyd "abc" "adcbjgieuwhc"
$> diff -U 3 user_output_test7 test7.output | cat -e

Diff OK :D
= Test 8 ===================================================
$> ./z680mre8vdq3ru6t9nme5s6a "abc" "adbcd"
$> diff -U 3 user_output_test8 test8.output | cat -e

Diff OK :D
= Test 9 ===================================================
$> ./jg3x8hdx7gn08ekeqqxc5fwz "abc" "abababababababab"
$> diff -U 3 user_output_test9 test9.output | cat -e

Diff OK :D
= Test 10 ==================================================
$> ./fgdzxs7s5qtyyggv1k2opzwm "zzzzzz" "z"
$> diff -U 3 user_output_test10 test10.output | cat -e
--- user_output_test10	2016-01-14 18:26:03.000000000 +0100$
+++ test10.output	2016-01-14 18:26:03.000000000 +0100$
@@ -1 +1 @@$
-1$
+0$

Diff KO :(
Grade: 0

= Final grade: 0 ===============================================================
