= Host-specific information ====================================================
$> hostname; uname -msr
e2r10p10.42.fr
Darwin 15.2.0 x86_64
$> date
Thu Jan 14 19:58:43 CET 2016
$> gcc --version
Configured with: --prefix=/Applications/Xcode.app/Contents/Developer/usr --with-gxx-include-dir=/usr/include/c++/4.2.1
Apple LLVM version 7.0.2 (clang-700.1.81)
Target: x86_64-apple-darwin15.2.0
Thread model: posix
$> clang --version
Apple LLVM version 7.0.2 (clang-700.1.81)
Target: x86_64-apple-darwin15.2.0
Thread model: posix

= User files collection ========================================================
Collecting user files from Vogsphere
Repository URL: auto-exam/2016/piscine-c-a-distance-c-exam-training/exam_20160114/dsouleym

= Git history ==================================================================
$> git -C /var/folders/wn/0pwns629045c_03syv34vcn00000gq/T/tmpGJ4Pql/user log --pretty='%H - %an, %ad : %s'
b7a3a69554e27aabe8609cdc1f68c43419e6a283 - Diallo SOULEYMANE, Thu Jan 14 19:58:30 2016 +0100 : vite fait iota
f3fa8362417fa4070ac13d0484005c6e1954e148 - Diallo SOULEYMANE, Thu Jan 14 19:48:28 2016 +0100 : pas le temps on tente ft_split en compile de tete
c2b5a7f433f6da8194d8f21f45a9fb9d8dab9c72 - Diallo SOULEYMANE, Thu Jan 14 19:30:22 2016 +0100 : fprime
2e0edee06caa23ff9a8539a51418b7c84c894cfc - Diallo SOULEYMANE, Thu Jan 14 19:03:16 2016 +0100 : add_prime
854425df55992ea9411764c342960268c1262fa6 - Diallo SOULEYMANE, Thu Jan 14 18:25:53 2016 +0100 : hidenp wdmatch en vite quoi
306a3037af0e58223c5c9325577257a1b295e618 - Diallo SOULEYMANE, Thu Jan 14 18:21:53 2016 +0100 : wdmatch
2da3bfc469e736cc8173ac3d82919b7965d4f341 - Diallo SOULEYMANE, Thu Jan 14 18:10:02 2016 +0100 : swapbits first time
969ccdbb6f86fac7aa1ce0e9e0a3b27287f9fa37 - Diallo SOULEYMANE, Thu Jan 14 18:06:50 2016 +0100 : ftputstr
3d58196a3e19d6b690979767b2777dfd05d0fc6d - Diallo SOULEYMANE, Thu Jan 14 18:03:33 2016 +0100 : affz
 
= Collected files ==========================================
$> ls -lAR /var/folders/wn/0pwns629045c_03syv34vcn00000gq/T/tmpGJ4Pql/user
total 8
-rw-r--r--  1 deepthought  deepthought  2355 Jan 14 19:58 __GIT_HISTORY
drwxr-xr-x  3 deepthought  deepthought   102 Jan 14 19:58 add_prime_sum
drwxr-xr-x  3 deepthought  deepthought   102 Jan 14 19:58 aff_z
drwxr-xr-x  3 deepthought  deepthought   102 Jan 14 19:58 fprime
drwxr-xr-x  3 deepthought  deepthought   102 Jan 14 19:58 ft_itoa
drwxr-xr-x  3 deepthought  deepthought   102 Jan 14 19:58 ft_putstr
drwxr-xr-x  3 deepthought  deepthought   102 Jan 14 19:58 ft_split
drwxr-xr-x  3 deepthought  deepthought   102 Jan 14 19:58 hidenp
drwxr-xr-x  3 deepthought  deepthought   102 Jan 14 19:58 swap_bits
drwxr-xr-x  3 deepthought  deepthought   102 Jan 14 19:58 wdmatch

/var/folders/wn/0pwns629045c_03syv34vcn00000gq/T/tmpGJ4Pql/user/add_prime_sum:
total 8
-rw-r--r--  1 deepthought  deepthought  784 Jan 14 19:58 add_prime_sum.c

/var/folders/wn/0pwns629045c_03syv34vcn00000gq/T/tmpGJ4Pql/user/aff_z:
total 8
-rw-r--r--  1 deepthought  deepthought  109 Jan 14 19:58 aff_z.c

/var/folders/wn/0pwns629045c_03syv34vcn00000gq/T/tmpGJ4Pql/user/fprime:
total 8
-rw-r--r--  1 deepthought  deepthought  861 Jan 14 19:58 fprime.c

/var/folders/wn/0pwns629045c_03syv34vcn00000gq/T/tmpGJ4Pql/user/ft_itoa:
total 8
-rw-r--r--  1 deepthought  deepthought  580 Jan 14 19:58 ft_itoa.c

/var/folders/wn/0pwns629045c_03syv34vcn00000gq/T/tmpGJ4Pql/user/ft_putstr:
total 8
-rw-r--r--  1 deepthought  deepthought  128 Jan 14 19:58 ft_putstr.c

/var/folders/wn/0pwns629045c_03syv34vcn00000gq/T/tmpGJ4Pql/user/ft_split:
total 8
-rw-r--r--  1 deepthought  deepthought  968 Jan 14 19:58 ft_split.c

/var/folders/wn/0pwns629045c_03syv34vcn00000gq/T/tmpGJ4Pql/user/hidenp:
total 8
-rw-r--r--  1 deepthought  deepthought  496 Jan 14 19:58 hidenp.c

/var/folders/wn/0pwns629045c_03syv34vcn00000gq/T/tmpGJ4Pql/user/swap_bits:
total 8
-rw-r--r--  1 deepthought  deepthought  87 Jan 14 19:58 swap_bits.c

/var/folders/wn/0pwns629045c_03syv34vcn00000gq/T/tmpGJ4Pql/user/wdmatch:
total 8
-rw-r--r--  1 deepthought  deepthought  468 Jan 14 19:58 wdmatch.c
 
= ft_itoa ======================================================================
$> clang -Wextra -Wall -Werror main.c ft_itoa.c -o user_exe 
ft_itoa.c:8:14: error: if statement has empty body [-Werror,-Wempty-body]
        if (nbr < 0);
                    ^
ft_itoa.c:8:14: note: put the semicolon on a separate line to silence this warning
1 error generated.

Could not compile 'user_exe'
Grade: 0

= Final grade: 0 ===============================================================
