= Host-specific information ====================================================
$> hostname; uname -msr
e2r11p8.42.fr
Darwin 15.2.0 x86_64
$> date
Tue Jan 12 10:26:30 CET 2016
$> gcc --version
Configured with: --prefix=/Applications/Xcode.app/Contents/Developer/usr --with-gxx-include-dir=/usr/include/c++/4.2.1
Apple LLVM version 7.0.2 (clang-700.1.81)
Target: x86_64-apple-darwin15.2.0
Thread model: posix
$> clang --version
Apple LLVM version 7.0.2 (clang-700.1.81)
Target: x86_64-apple-darwin15.2.0
Thread model: posix

= User files collection ========================================================
Collecting user files from Vogsphere
Repository URL: auto-exam/2016/piscine-c-a-distance-c-exam-training/exam_20160112/dsouleym

= Git history ==================================================================
$> git -C /var/folders/lr/19fk0__56fq6wg4r4sb2_dg00000gq/T/tmpxEgFpt/user log --pretty='%H - %an, %ad : %s'
f2dce86ab073f732c5fb2b60ff56a732d93f5412 - Diallo SOULEYMANE, Tue Jan 12 10:25:54 2016 +0100 : max
8e7e1935c8c7272e4b8941d2acb887522deb8f04 - Diallo SOULEYMANE, Tue Jan 12 10:12:31 2016 +0100 : first_word
b5b4e6616fe9355bd02412cce17b41756e1a049e - Diallo SOULEYMANE, Tue Jan 12 10:05:02 2016 +0100 : maff revalpha
 
= Collected files ==========================================
$> ls -lAR /var/folders/lr/19fk0__56fq6wg4r4sb2_dg00000gq/T/tmpxEgFpt/user
total 8
-rw-r--r--  1 deepthought  deepthought  702 Jan 12 10:26 __GIT_HISTORY
drwxr-xr-x  3 deepthought  deepthought  102 Jan 12 10:26 first_word
drwxr-xr-x  3 deepthought  deepthought  102 Jan 12 10:26 maff_revalpha
drwxr-xr-x  3 deepthought  deepthought  102 Jan 12 10:26 max

/var/folders/lr/19fk0__56fq6wg4r4sb2_dg00000gq/T/tmpxEgFpt/user/first_word:
total 8
-rw-r--r--  1 deepthought  deepthought  318 Jan 12 10:26 first_word.c

/var/folders/lr/19fk0__56fq6wg4r4sb2_dg00000gq/T/tmpxEgFpt/user/maff_revalpha:
total 8
-rw-r--r--  1 deepthought  deepthought  87 Jan 12 10:26 maff_revalpha.c

/var/folders/lr/19fk0__56fq6wg4r4sb2_dg00000gq/T/tmpxEgFpt/user/max:
total 8
-rw-r--r--  1 deepthought  deepthought  160 Jan 12 10:26 max.c
 
= max ==========================================================================
$> clang -Wextra -Wall -Werror main.c max.c -o user_exe 

= Test 1 ===================================================
$> ./ievj8yao3jg141fd31grjeq4
$> diff -U 3 user_output_test1 test1.output | cat -e

Diff OK :D
Grade: 1

= Final grade: 1 ===============================================================
