= Host-specific information ====================================================
$> hostname; uname -msr
e2r9p16.42.fr
Darwin 15.2.0 x86_64
$> date
Tue Jan 12 10:46:37 CET 2016
$> gcc --version
Configured with: --prefix=/Applications/Xcode.app/Contents/Developer/usr --with-gxx-include-dir=/usr/include/c++/4.2.1
Apple LLVM version 7.0.2 (clang-700.1.81)
Target: x86_64-apple-darwin15.2.0
Thread model: posix
$> clang --version
Apple LLVM version 7.0.2 (clang-700.1.81)
Target: x86_64-apple-darwin15.2.0
Thread model: posix

= User files collection ========================================================
Collecting user files from Vogsphere
Repository URL: auto-exam/2016/piscine-c-a-distance-c-exam-training/exam_20160112/dsouleym

= Git history ==================================================================
$> git -C /var/folders/t7/3lpyjxm16jd0v2dc41p7pqyr0000gq/T/tmpGI8v6S/user log --pretty='%H - %an, %ad : %s'
4ee7aafa637a65ae7dc3fe9ef7f2f7a961eba335 - Diallo SOULEYMANE, Tue Jan 12 10:40:10 2016 +0100 : ft_rrrange
f2dce86ab073f732c5fb2b60ff56a732d93f5412 - Diallo SOULEYMANE, Tue Jan 12 10:25:54 2016 +0100 : max
8e7e1935c8c7272e4b8941d2acb887522deb8f04 - Diallo SOULEYMANE, Tue Jan 12 10:12:31 2016 +0100 : first_word
b5b4e6616fe9355bd02412cce17b41756e1a049e - Diallo SOULEYMANE, Tue Jan 12 10:05:02 2016 +0100 : maff revalpha
 
= Collected files ==========================================
$> ls -lAR /var/folders/t7/3lpyjxm16jd0v2dc41p7pqyr0000gq/T/tmpGI8v6S/user
total 8
-rw-r--r--  1 deepthought  deepthought  960 Jan 12 10:46 __GIT_HISTORY
drwxr-xr-x  3 deepthought  deepthought  102 Jan 12 10:46 first_word
drwxr-xr-x  3 deepthought  deepthought  102 Jan 12 10:46 ft_rrange
drwxr-xr-x  3 deepthought  deepthought  102 Jan 12 10:46 maff_revalpha
drwxr-xr-x  3 deepthought  deepthought  102 Jan 12 10:46 max

/var/folders/t7/3lpyjxm16jd0v2dc41p7pqyr0000gq/T/tmpGI8v6S/user/first_word:
total 8
-rw-r--r--  1 deepthought  deepthought  318 Jan 12 10:46 first_word.c

/var/folders/t7/3lpyjxm16jd0v2dc41p7pqyr0000gq/T/tmpGI8v6S/user/ft_rrange:
total 8
-rw-r--r--  1 deepthought  deepthought  486 Jan 12 10:46 ft_rrange.c

/var/folders/t7/3lpyjxm16jd0v2dc41p7pqyr0000gq/T/tmpGI8v6S/user/maff_revalpha:
total 8
-rw-r--r--  1 deepthought  deepthought  87 Jan 12 10:46 maff_revalpha.c

/var/folders/t7/3lpyjxm16jd0v2dc41p7pqyr0000gq/T/tmpGI8v6S/user/max:
total 8
-rw-r--r--  1 deepthought  deepthought  160 Jan 12 10:46 max.c
 
= ft_rrange ====================================================================
$> clang -Wextra -Wall -Werror main.c ft_rrange.c -o user_exe 

= Test 1 ===================================================
$> ./bvr9eat78fw2o6mi736uk9n1
$> diff -U 3 user_output_test1 test1.output | cat -e

Diff OK :D
Grade: 1

= Final grade: 1 ===============================================================
