= Host-specific information ====================================================
$> hostname; uname -msr
e2r8p14.42.fr
Darwin 15.2.0 x86_64
$> date
Tue Jan 12 13:45:02 CET 2016
$> gcc --version
Configured with: --prefix=/Applications/Xcode.app/Contents/Developer/usr --with-gxx-include-dir=/usr/include/c++/4.2.1
Apple LLVM version 7.0.2 (clang-700.1.81)
Target: x86_64-apple-darwin15.2.0
Thread model: posix
$> clang --version
Apple LLVM version 7.0.2 (clang-700.1.81)
Target: x86_64-apple-darwin15.2.0
Thread model: posix

= User files collection ========================================================
Collecting user files from Vogsphere
Repository URL: auto-exam/2016/piscine-c-a-distance-c-exam-training/exam_20160112/dsouleym

= Git history ==================================================================
$> git -C /var/folders/vq/6m_njwts3bx_lk6_cxx3vw9h0000gq/T/tmpzsQQYq/user log --pretty='%H - %an, %ad : %s'
ada15410c58f55221fc317e855c396f00cfc02f6 - Diallo SOULEYMANE, Tue Jan 12 13:44:52 2016 +0100 : itoa base ou pas ?
71190b9a6538167ba8063090857775ca56b42aba - Diallo SOULEYMANE, Tue Jan 12 12:26:09 2016 +0100 : sort list
09ead8c6f66278108ca0ce81f9216e593c7ecf80 - Diallo SOULEYMANE, Tue Jan 12 12:20:09 2016 +0100 : fprime
a6678848c0f337183336d59d43d09e1f8d13082b - Diallo SOULEYMANE, Tue Jan 12 11:09:27 2016 +0100 : itoa
4ee7aafa637a65ae7dc3fe9ef7f2f7a961eba335 - Diallo SOULEYMANE, Tue Jan 12 10:40:10 2016 +0100 : ft_rrrange
f2dce86ab073f732c5fb2b60ff56a732d93f5412 - Diallo SOULEYMANE, Tue Jan 12 10:25:54 2016 +0100 : max
8e7e1935c8c7272e4b8941d2acb887522deb8f04 - Diallo SOULEYMANE, Tue Jan 12 10:12:31 2016 +0100 : first_word
b5b4e6616fe9355bd02412cce17b41756e1a049e - Diallo SOULEYMANE, Tue Jan 12 10:05:02 2016 +0100 : maff revalpha
 
= Collected files ==========================================
$> ls -lAR /var/folders/vq/6m_njwts3bx_lk6_cxx3vw9h0000gq/T/tmpzsQQYq/user
total 8
-rw-r--r--  1 deepthought  deepthought  2022 Jan 12 13:45 __GIT_HISTORY
drwxr-xr-x  3 deepthought  deepthought   102 Jan 12 13:45 first_word
drwxr-xr-x  3 deepthought  deepthought   102 Jan 12 13:45 fprime
drwxr-xr-x  3 deepthought  deepthought   102 Jan 12 13:45 ft_itoa
drwxr-xr-x  3 deepthought  deepthought   102 Jan 12 13:45 ft_itoa_base
drwxr-xr-x  3 deepthought  deepthought   102 Jan 12 13:45 ft_rrange
drwxr-xr-x  3 deepthought  deepthought   102 Jan 12 13:45 maff_revalpha
drwxr-xr-x  3 deepthought  deepthought   102 Jan 12 13:45 max
drwxr-xr-x  3 deepthought  deepthought   102 Jan 12 13:45 sort_list

/var/folders/vq/6m_njwts3bx_lk6_cxx3vw9h0000gq/T/tmpzsQQYq/user/first_word:
total 8
-rw-r--r--  1 deepthought  deepthought  318 Jan 12 13:45 first_word.c

/var/folders/vq/6m_njwts3bx_lk6_cxx3vw9h0000gq/T/tmpzsQQYq/user/fprime:
total 8
-rw-r--r--  1 deepthought  deepthought  1813 Jan 12 13:45 fprime.c

/var/folders/vq/6m_njwts3bx_lk6_cxx3vw9h0000gq/T/tmpzsQQYq/user/ft_itoa:
total 8
-rw-r--r--  1 deepthought  deepthought  424 Jan 12 13:45 ft_itoa.c

/var/folders/vq/6m_njwts3bx_lk6_cxx3vw9h0000gq/T/tmpzsQQYq/user/ft_itoa_base:
total 8
-rw-r--r--  1 deepthought  deepthought  1976 Jan 12 13:45 ft_iota_base.c

/var/folders/vq/6m_njwts3bx_lk6_cxx3vw9h0000gq/T/tmpzsQQYq/user/ft_rrange:
total 8
-rw-r--r--  1 deepthought  deepthought  486 Jan 12 13:45 ft_rrange.c

/var/folders/vq/6m_njwts3bx_lk6_cxx3vw9h0000gq/T/tmpzsQQYq/user/maff_revalpha:
total 8
-rw-r--r--  1 deepthought  deepthought  87 Jan 12 13:45 maff_revalpha.c

/var/folders/vq/6m_njwts3bx_lk6_cxx3vw9h0000gq/T/tmpzsQQYq/user/max:
total 8
-rw-r--r--  1 deepthought  deepthought  160 Jan 12 13:45 max.c

/var/folders/vq/6m_njwts3bx_lk6_cxx3vw9h0000gq/T/tmpzsQQYq/user/sort_list:
total 8
-rw-r--r--  1 deepthought  deepthought  530 Jan 12 13:45 sort_list.c
 
= ft_itoa_base =================================================================
$> clang -Wextra -Wall -Werror main.c -o user_exe 
Undefined symbols for architecture x86_64:
  "_ft_itoa_base", referenced from:
      _main in main-934ef4.o
ld: symbol(s) not found for architecture x86_64
clang: error: linker command failed with exit code 1 (use -v to see invocation)

Could not compile 'user_exe'
Grade: 0

= Final grade: 0 ===============================================================
