= Host-specific information ====================================================
$> hostname; uname -msr
e2r7p16.42.fr
Darwin 15.2.0 x86_64
$> date
Thu Jan 21 18:52:44 CET 2016
$> gcc --version
Configured with: --prefix=/Applications/Xcode.app/Contents/Developer/usr --with-gxx-include-dir=/usr/include/c++/4.2.1
Apple LLVM version 7.0.2 (clang-700.1.81)
Target: x86_64-apple-darwin15.2.0
Thread model: posix
$> clang --version
Apple LLVM version 7.0.2 (clang-700.1.81)
Target: x86_64-apple-darwin15.2.0
Thread model: posix

= User files collection ========================================================
Collecting user files from Vogsphere
Repository URL: auto-exam/2016/piscine-c-a-distance-c-exam-training/exam_20160121/dsouleym

= Git history ==================================================================
$> git -C /var/folders/pj/8xn99p5n4nx0_3mlwgq8l5k40000gq/T/tmp1aHai5/user log --pretty='%H - %an, %ad : %s'
b097d2595f19303927e64d01581d0d2d08212406 - Diallo SOULEYMANE, Thu Jan 21 18:52:36 2016 +0100 : maff revalpha
 
= Collected files ==========================================
$> ls -lAR /var/folders/pj/8xn99p5n4nx0_3mlwgq8l5k40000gq/T/tmp1aHai5/user
total 8
-rw-r--r--  1 deepthought  deepthought  238 Jan 21 18:52 __GIT_HISTORY
drwxr-xr-x  3 deepthought  deepthought  102 Jan 21 18:52 maff_revalpha

/var/folders/pj/8xn99p5n4nx0_3mlwgq8l5k40000gq/T/tmp1aHai5/user/maff_revalpha:
total 8
-rw-r--r--  1 deepthought  deepthought  101 Jan 21 18:52 maff_revalpha.c
 
= maff_revalpha ================================================================
$> clang -Wextra -Wall -Werror maff_revalpha.c -o user_exe 

= Test 1 ===================================================
$> ./tkgjt8wc0j5mvaxmrhow4vf3
$> diff -U 3 user_output_test1 test1.output | cat -e

Diff OK :D
Grade: 1

= Final grade: 1 ===============================================================
