= Host-specific information ====================================================
$> hostname; uname -msr
e3r7p1.42.fr
Darwin 15.2.0 x86_64
$> date
Thu Jan 21 20:03:46 CET 2016
$> gcc --version
Configured with: --prefix=/Applications/Xcode.app/Contents/Developer/usr --with-gxx-include-dir=/usr/include/c++/4.2.1
Apple LLVM version 7.0.2 (clang-700.1.81)
Target: x86_64-apple-darwin15.2.0
Thread model: posix
$> clang --version
Apple LLVM version 7.0.2 (clang-700.1.81)
Target: x86_64-apple-darwin15.2.0
Thread model: posix

= User files collection ========================================================
Collecting user files from Vogsphere
Repository URL: auto-exam/2016/piscine-c-a-distance-c-exam-training/exam_20160121/dsouleym

= Git history ==================================================================
$> git -C /var/folders/v3/wb3db_t10mv_qy1kcllcr9nw0000gq/T/tmp32FYKv/user log --pretty='%H - %an, %ad : %s'
e182c73d60957d12871a43a081ae91c67141058f - Diallo SOULEYMANE, Thu Jan 21 20:03:13 2016 +0100 : 80 plz
5bd54df0ce84319cca0a0bc60972b44bb3871d3b - Diallo SOULEYMANE, Thu Jan 21 19:39:09 2016 +0100 : fore real?
80fa333f29061ceb801560d70e1c04fd84bcca55 - Diallo SOULEYMANE, Thu Jan 21 19:27:45 2016 +0100 : bitch plz
e62580a212cd3687fdc645c40988678924a7eb6e - Diallo SOULEYMANE, Thu Jan 21 18:58:28 2016 +0100 : ftstrlen
b097d2595f19303927e64d01581d0d2d08212406 - Diallo SOULEYMANE, Thu Jan 21 18:52:36 2016 +0100 : maff revalpha
 
= Collected files ==========================================
$> ls -lAR /var/folders/v3/wb3db_t10mv_qy1kcllcr9nw0000gq/T/tmp32FYKv/user
total 8
-rw-r--r--  1 deepthought  deepthought  1257 Jan 21 20:03 __GIT_HISTORY
drwxr-xr-x  3 deepthought  deepthought   102 Jan 21 20:03 ft_split
drwxr-xr-x  3 deepthought  deepthought   102 Jan 21 20:03 ft_strlen
drwxr-xr-x  3 deepthought  deepthought   102 Jan 21 20:03 maff_revalpha
drwxr-xr-x  3 deepthought  deepthought   102 Jan 21 20:03 pgcd
drwxr-xr-x  3 deepthought  deepthought   102 Jan 21 20:03 wdmatch

/var/folders/v3/wb3db_t10mv_qy1kcllcr9nw0000gq/T/tmp32FYKv/user/ft_split:
total 8
-rw-r--r--  1 deepthought  deepthought  1153 Jan 21 20:03 ft_split.c

/var/folders/v3/wb3db_t10mv_qy1kcllcr9nw0000gq/T/tmp32FYKv/user/ft_strlen:
total 8
-rw-r--r--  1 deepthought  deepthought  98 Jan 21 20:03 ft_strlen.c

/var/folders/v3/wb3db_t10mv_qy1kcllcr9nw0000gq/T/tmp32FYKv/user/maff_revalpha:
total 8
-rw-r--r--  1 deepthought  deepthought  101 Jan 21 20:03 maff_revalpha.c

/var/folders/v3/wb3db_t10mv_qy1kcllcr9nw0000gq/T/tmp32FYKv/user/pgcd:
total 8
-rw-r--r--  1 deepthought  deepthought  357 Jan 21 20:03 pgcd.c

/var/folders/v3/wb3db_t10mv_qy1kcllcr9nw0000gq/T/tmp32FYKv/user/wdmatch:
total 8
-rw-r--r--  1 deepthought  deepthought  562 Jan 21 20:03 wdmatch.c
 
= ft_split =====================================================================
$> clang -Wextra -Wall -Werror ft_split.c main.c -o user_exe 

= Test 1 ===================================================
$> ./ib6hmtb5lgkbj4ifoopyy1e1 ""
$> diff -U 3 user_output_test1 test1.output | cat -e

Diff OK :D
= Test 2 ===================================================
$> ./rzytubl8ba1q7wbhupfs8lp1 " 		"
$> diff -U 3 user_output_test2 test2.output | cat -e

Diff OK :D
= Test 3 ===================================================
$> ./nidrp39sp583343wp12bgz1k " 	  

"
$> diff -U 3 user_output_test3 test3.output | cat -e

Diff OK :D
= Test 4 ===================================================
$> ./42a5okczihdz6zqcn8tk0ypa "9rRBC3tFgZyj1Su2"
$> diff -U 3 user_output_test4 test4.output | cat -e

Diff OK :D
= Test 5 ===================================================
$> ./iauciqmiq3tmczptbqvtldfk "Baj2m"
$> diff -U 3 user_output_test5 test5.output | cat -e

Diff OK :D
= Test 6 ===================================================
$> ./yimufvzdky2n3lb9es1id8ev " b8756NweYXIZDb4OSV97 			WOzMEe2PpmlkFfgc  
	DwfMmc
  7AZ8knGTKOzN 	
3LPM
	  HL6jpUM19F84Nkay

	 
gqZ8wTDImCjry9Q 	  F5joNcnud0GMzA7vXR		 
	 "
$> diff -U 3 user_output_test6 test6.output | cat -e

Diff OK :D
= Test 7 ===================================================
$> ./7lmr53l21e5sxfteb0leqtaz " 	   	CsfYnvyiVkrWL 	 	 5RsNuQ0bt4To2ZVH
	 R3B7	
 	HZyo63vdgB9CG 	
oAp2BVTgPy		
  5aDEZtvHGS8m
	
akf34WzI87eS		
 
XD4kVBc 		 eKtU7yCPmACTIbkhg
 
  e7Xi
"
$> diff -U 3 user_output_test7 test7.output | cat -e

Diff OK :D
= Test 8 ===================================================
$> ./uh35frxj0szsl3ou4bqxb7l5 "	 	
	
apI	 FNA4 Y06FWpbaHRvkKgouHv ojcfKngixOeByGlE   	fJ463NR
 
 4LdsBmu7gvlnR8K 		 wpqKGemYguH 	 

iYMJVe6hGd0Tb
 	"
$> diff -U 3 user_output_test8 test8.output | cat -e

Diff OK :D
= Test 9 ===================================================
$> ./riborsqgphg8qdklbxuuioe2 "  bhfo5VKBcaD 		71ek8gEvaJxPLXiBh  	e8DOzKL2PcJgBj0XBYZpQwEDy	LomJD2kuW0r4 	
 9vAlhu7  
		U245HLah3KBPT	 	 
ztvTJ	 
	 
NhLgO6oTKF3  	 IHfne	 

 hWxYbXn
tSoqJ   	
IGkN
lYAsZWE4C7

 QlavHmUMF8d3z
	"
$> diff -U 3 user_output_test9 test9.output | cat -e

Diff OK :D
Grade: 1

= Final grade: 1 ===============================================================
